<?xml version="1.0" encoding="UTF-8"?>
<testsuite xmlns:xsi="http://www.w3.org/2001/XMLSchema-instance" xsi:noNamespaceSchemaLocation="https://maven.apache.org/surefire/maven-surefire-plugin/xsd/surefire-test-report.xsd" name="com.focus.studio.movie.app.rest.VoiceMailControllerTest" time="7.333" tests="2" errors="0" skipped="0" failures="0">
  <properties>
    <property name="awt.toolkit" value="sun.awt.X11.XToolkit"/>
    <property name="jdk.extensions.version" value="8.0.252.0"/>
    <property name="file.encoding.pkg" value="sun.io"/>
    <property name="java.specification.version" value="1.8"/>
    <property name="sun.jnu.encoding" value="UTF-8"/>
    <property name="java.class.path" value="/home/victor/eclipse-workspace/focusapp/focus-rest-impl/target/test-classes:/home/victor/eclipse-workspace/focusapp/focus-rest-impl/target/classes:/home/victor/.m2/repository/org/springframework/boot/spring-boot-starter-mail/2.2.5.RELEASE/spring-boot-starter-mail-2.2.5.RELEASE.jar:/home/victor/.m2/repository/org/springframework/boot/spring-boot-starter/2.2.5.RELEASE/spring-boot-starter-2.2.5.RELEASE.jar:/home/victor/.m2/repository/org/springframework/boot/spring-boot/2.2.5.RELEASE/spring-boot-2.2.5.RELEASE.jar:/home/victor/.m2/repository/org/springframework/boot/spring-boot-autoconfigure/2.2.5.RELEASE/spring-boot-autoconfigure-2.2.5.RELEASE.jar:/home/victor/.m2/repository/org/springframework/boot/spring-boot-starter-logging/2.2.5.RELEASE/spring-boot-starter-logging-2.2.5.RELEASE.jar:/home/victor/.m2/repository/ch/qos/logback/logback-classic/1.2.3/logback-classic-1.2.3.jar:/home/victor/.m2/repository/ch/qos/logback/logback-core/1.2.3/logback-core-1.2.3.jar:/home/victor/.m2/repository/org/apache/logging/log4j/log4j-to-slf4j/2.12.1/log4j-to-slf4j-2.12.1.jar:/home/victor/.m2/repository/org/apache/logging/log4j/log4j-api/2.12.1/log4j-api-2.12.1.jar:/home/victor/.m2/repository/org/slf4j/jul-to-slf4j/1.7.30/jul-to-slf4j-1.7.30.jar:/home/victor/.m2/repository/jakarta/annotation/jakarta.annotation-api/1.3.5/jakarta.annotation-api-1.3.5.jar:/home/victor/.m2/repository/org/yaml/snakeyaml/1.25/snakeyaml-1.25.jar:/home/victor/.m2/repository/org/springframework/spring-context-support/5.2.4.RELEASE/spring-context-support-5.2.4.RELEASE.jar:/home/victor/.m2/repository/org/springframework/spring-beans/5.2.4.RELEASE/spring-beans-5.2.4.RELEASE.jar:/home/victor/.m2/repository/org/springframework/spring-context/5.2.4.RELEASE/spring-context-5.2.4.RELEASE.jar:/home/victor/.m2/repository/com/sun/mail/jakarta.mail/1.6.4/jakarta.mail-1.6.4.jar:/home/victor/.m2/repository/com/sun/activation/jakarta.activation/1.2.2/jakarta.activation-1.2.2.jar:/home/victor/.m2/repository/org/springframework/boot/spring-boot-starter-web/2.2.5.RELEASE/spring-boot-starter-web-2.2.5.RELEASE.jar:/home/victor/.m2/repository/org/springframework/boot/spring-boot-starter-json/2.2.5.RELEASE/spring-boot-starter-json-2.2.5.RELEASE.jar:/home/victor/.m2/repository/com/fasterxml/jackson/datatype/jackson-datatype-jdk8/2.10.2/jackson-datatype-jdk8-2.10.2.jar:/home/victor/.m2/repository/com/fasterxml/jackson/datatype/jackson-datatype-jsr310/2.10.2/jackson-datatype-jsr310-2.10.2.jar:/home/victor/.m2/repository/com/fasterxml/jackson/module/jackson-module-parameter-names/2.10.2/jackson-module-parameter-names-2.10.2.jar:/home/victor/.m2/repository/org/springframework/boot/spring-boot-starter-tomcat/2.2.5.RELEASE/spring-boot-starter-tomcat-2.2.5.RELEASE.jar:/home/victor/.m2/repository/org/apache/tomcat/embed/tomcat-embed-core/9.0.31/tomcat-embed-core-9.0.31.jar:/home/victor/.m2/repository/org/apache/tomcat/embed/tomcat-embed-el/9.0.31/tomcat-embed-el-9.0.31.jar:/home/victor/.m2/repository/org/apache/tomcat/embed/tomcat-embed-websocket/9.0.31/tomcat-embed-websocket-9.0.31.jar:/home/victor/.m2/repository/org/springframework/boot/spring-boot-starter-validation/2.2.5.RELEASE/spring-boot-starter-validation-2.2.5.RELEASE.jar:/home/victor/.m2/repository/jakarta/validation/jakarta.validation-api/2.0.2/jakarta.validation-api-2.0.2.jar:/home/victor/.m2/repository/org/hibernate/validator/hibernate-validator/6.0.18.Final/hibernate-validator-6.0.18.Final.jar:/home/victor/.m2/repository/org/jboss/logging/jboss-logging/3.4.1.Final/jboss-logging-3.4.1.Final.jar:/home/victor/.m2/repository/com/fasterxml/classmate/1.5.1/classmate-1.5.1.jar:/home/victor/.m2/repository/org/springframework/spring-web/5.2.4.RELEASE/spring-web-5.2.4.RELEASE.jar:/home/victor/.m2/repository/org/springframework/spring-webmvc/5.2.4.RELEASE/spring-webmvc-5.2.4.RELEASE.jar:/home/victor/.m2/repository/org/springframework/spring-aop/5.2.4.RELEASE/spring-aop-5.2.4.RELEASE.jar:/home/victor/.m2/repository/org/springframework/spring-expression/5.2.4.RELEASE/spring-expression-5.2.4.RELEASE.jar:/home/victor/.m2/repository/org/springframework/boot/spring-boot-starter-webflux/2.2.5.RELEASE/spring-boot-starter-webflux-2.2.5.RELEASE.jar:/home/victor/.m2/repository/org/springframework/boot/spring-boot-starter-reactor-netty/2.2.5.RELEASE/spring-boot-starter-reactor-netty-2.2.5.RELEASE.jar:/home/victor/.m2/repository/io/projectreactor/netty/reactor-netty/0.9.5.RELEASE/reactor-netty-0.9.5.RELEASE.jar:/home/victor/.m2/repository/io/netty/netty-codec-http/4.1.45.Final/netty-codec-http-4.1.45.Final.jar:/home/victor/.m2/repository/io/netty/netty-common/4.1.45.Final/netty-common-4.1.45.Final.jar:/home/victor/.m2/repository/io/netty/netty-buffer/4.1.45.Final/netty-buffer-4.1.45.Final.jar:/home/victor/.m2/repository/io/netty/netty-transport/4.1.45.Final/netty-transport-4.1.45.Final.jar:/home/victor/.m2/repository/io/netty/netty-resolver/4.1.45.Final/netty-resolver-4.1.45.Final.jar:/home/victor/.m2/repository/io/netty/netty-codec/4.1.45.Final/netty-codec-4.1.45.Final.jar:/home/victor/.m2/repository/io/netty/netty-codec-http2/4.1.45.Final/netty-codec-http2-4.1.45.Final.jar:/home/victor/.m2/repository/io/netty/netty-handler/4.1.45.Final/netty-handler-4.1.45.Final.jar:/home/victor/.m2/repository/io/netty/netty-handler-proxy/4.1.45.Final/netty-handler-proxy-4.1.45.Final.jar:/home/victor/.m2/repository/io/netty/netty-codec-socks/4.1.45.Final/netty-codec-socks-4.1.45.Final.jar:/home/victor/.m2/repository/io/netty/netty-transport-native-epoll/4.1.45.Final/netty-transport-native-epoll-4.1.45.Final-linux-x86_64.jar:/home/victor/.m2/repository/io/netty/netty-transport-native-unix-common/4.1.45.Final/netty-transport-native-unix-common-4.1.45.Final.jar:/home/victor/.m2/repository/org/glassfish/jakarta.el/3.0.3/jakarta.el-3.0.3.jar:/home/victor/.m2/repository/org/springframework/spring-webflux/5.2.4.RELEASE/spring-webflux-5.2.4.RELEASE.jar:/home/victor/.m2/repository/org/synchronoss/cloud/nio-multipart-parser/1.1.0/nio-multipart-parser-1.1.0.jar:/home/victor/.m2/repository/org/slf4j/slf4j-api/1.7.30/slf4j-api-1.7.30.jar:/home/victor/.m2/repository/org/synchronoss/cloud/nio-stream-storage/1.1.3/nio-stream-storage-1.1.3.jar:/home/victor/.m2/repository/org/springframework/boot/spring-boot-starter-actuator/2.2.5.RELEASE/spring-boot-starter-actuator-2.2.5.RELEASE.jar:/home/victor/.m2/repository/org/springframework/boot/spring-boot-actuator-autoconfigure/2.2.5.RELEASE/spring-boot-actuator-autoconfigure-2.2.5.RELEASE.jar:/home/victor/.m2/repository/org/springframework/boot/spring-boot-actuator/2.2.5.RELEASE/spring-boot-actuator-2.2.5.RELEASE.jar:/home/victor/.m2/repository/io/micrometer/micrometer-core/1.3.5/micrometer-core-1.3.5.jar:/home/victor/.m2/repository/org/hdrhistogram/HdrHistogram/2.1.11/HdrHistogram-2.1.11.jar:/home/victor/.m2/repository/org/latencyutils/LatencyUtils/2.0.3/LatencyUtils-2.0.3.jar:/home/victor/.m2/repository/io/jsonwebtoken/jjwt/0.9.1/jjwt-0.9.1.jar:/home/victor/.m2/repository/com/fasterxml/jackson/core/jackson-databind/2.10.2/jackson-databind-2.10.2.jar:/home/victor/.m2/repository/com/fasterxml/jackson/core/jackson-annotations/2.10.2/jackson-annotations-2.10.2.jar:/home/victor/.m2/repository/com/fasterxml/jackson/core/jackson-core/2.10.2/jackson-core-2.10.2.jar:/home/victor/.m2/repository/org/apache/httpcomponents/httpclient/4.5.11/httpclient-4.5.11.jar:/home/victor/.m2/repository/org/apache/httpcomponents/httpcore/4.4.13/httpcore-4.4.13.jar:/home/victor/.m2/repository/commons-codec/commons-codec/1.13/commons-codec-1.13.jar:/home/victor/.m2/repository/org/postgresql/postgresql/42.2.10/postgresql-42.2.10.jar:/home/victor/.m2/repository/org/springframework/boot/spring-boot-starter-test/2.2.5.RELEASE/spring-boot-starter-test-2.2.5.RELEASE.jar:/home/victor/.m2/repository/org/springframework/boot/spring-boot-test/2.2.5.RELEASE/spring-boot-test-2.2.5.RELEASE.jar:/home/victor/.m2/repository/org/springframework/boot/spring-boot-test-autoconfigure/2.2.5.RELEASE/spring-boot-test-autoconfigure-2.2.5.RELEASE.jar:/home/victor/.m2/repository/com/jayway/jsonpath/json-path/2.4.0/json-path-2.4.0.jar:/home/victor/.m2/repository/net/minidev/json-smart/2.3/json-smart-2.3.jar:/home/victor/.m2/repository/net/minidev/accessors-smart/1.2/accessors-smart-1.2.jar:/home/victor/.m2/repository/org/ow2/asm/asm/5.0.4/asm-5.0.4.jar:/home/victor/.m2/repository/jakarta/xml/bind/jakarta.xml.bind-api/2.3.2/jakarta.xml.bind-api-2.3.2.jar:/home/victor/.m2/repository/jakarta/activation/jakarta.activation-api/1.2.2/jakarta.activation-api-1.2.2.jar:/home/victor/.m2/repository/org/junit/jupiter/junit-jupiter/5.5.2/junit-jupiter-5.5.2.jar:/home/victor/.m2/repository/org/junit/jupiter/junit-jupiter-api/5.5.2/junit-jupiter-api-5.5.2.jar:/home/victor/.m2/repository/org/apiguardian/apiguardian-api/1.1.0/apiguardian-api-1.1.0.jar:/home/victor/.m2/repository/org/opentest4j/opentest4j/1.2.0/opentest4j-1.2.0.jar:/home/victor/.m2/repository/org/junit/platform/junit-platform-commons/1.5.2/junit-platform-commons-1.5.2.jar:/home/victor/.m2/repository/org/junit/jupiter/junit-jupiter-params/5.5.2/junit-jupiter-params-5.5.2.jar:/home/victor/.m2/repository/org/junit/jupiter/junit-jupiter-engine/5.5.2/junit-jupiter-engine-5.5.2.jar:/home/victor/.m2/repository/org/junit/platform/junit-platform-engine/1.5.2/junit-platform-engine-1.5.2.jar:/home/victor/.m2/repository/org/mockito/mockito-junit-jupiter/3.1.0/mockito-junit-jupiter-3.1.0.jar:/home/victor/.m2/repository/org/assertj/assertj-core/3.13.2/assertj-core-3.13.2.jar:/home/victor/.m2/repository/org/hamcrest/hamcrest/2.1/hamcrest-2.1.jar:/home/victor/.m2/repository/org/mockito/mockito-core/3.1.0/mockito-core-3.1.0.jar:/home/victor/.m2/repository/net/bytebuddy/byte-buddy/1.10.8/byte-buddy-1.10.8.jar:/home/victor/.m2/repository/net/bytebuddy/byte-buddy-agent/1.10.8/byte-buddy-agent-1.10.8.jar:/home/victor/.m2/repository/org/objenesis/objenesis/2.6/objenesis-2.6.jar:/home/victor/.m2/repository/org/skyscreamer/jsonassert/1.5.0/jsonassert-1.5.0.jar:/home/victor/.m2/repository/com/vaadin/external/google/android-json/0.0.20131108.vaadin1/android-json-0.0.20131108.vaadin1.jar:/home/victor/.m2/repository/org/springframework/spring-core/5.2.4.RELEASE/spring-core-5.2.4.RELEASE.jar:/home/victor/.m2/repository/org/springframework/spring-jcl/5.2.4.RELEASE/spring-jcl-5.2.4.RELEASE.jar:/home/victor/.m2/repository/org/springframework/spring-test/5.2.4.RELEASE/spring-test-5.2.4.RELEASE.jar:/home/victor/.m2/repository/org/xmlunit/xmlunit-core/2.6.3/xmlunit-core-2.6.3.jar:/home/victor/.m2/repository/io/projectreactor/reactor-test/3.3.3.RELEASE/reactor-test-3.3.3.RELEASE.jar:/home/victor/.m2/repository/io/projectreactor/reactor-core/3.3.3.RELEASE/reactor-core-3.3.3.RELEASE.jar:/home/victor/.m2/repository/org/reactivestreams/reactive-streams/1.0.3/reactive-streams-1.0.3.jar:/home/victor/.m2/repository/org/springframework/restdocs/spring-restdocs-mockmvc/2.0.4.RELEASE/spring-restdocs-mockmvc-2.0.4.RELEASE.jar:/home/victor/.m2/repository/javax/servlet/javax.servlet-api/4.0.1/javax.servlet-api-4.0.1.jar:/home/victor/.m2/repository/org/springframework/restdocs/spring-restdocs-core/2.0.4.RELEASE/spring-restdocs-core-2.0.4.RELEASE.jar:/home/victor/.m2/repository/org/springframework/security/spring-security-test/5.2.2.RELEASE/spring-security-test-5.2.2.RELEASE.jar:/home/victor/.m2/repository/org/springframework/security/spring-security-core/5.2.2.RELEASE/spring-security-core-5.2.2.RELEASE.jar:/home/victor/.m2/repository/org/springframework/security/spring-security-web/5.2.2.RELEASE/spring-security-web-5.2.2.RELEASE.jar:/home/victor/.m2/repository/org/apache/commons/commons-lang3/3.9/commons-lang3-3.9.jar:/home/victor/.m2/repository/joda-time/joda-time/2.10.5/joda-time-2.10.5.jar:"/>
    <property name="java.vm.vendor" value="Eclipse OpenJ9"/>
    <property name="com.ibm.zero.version" value="2"/>
    <property name="sun.arch.data.model" value="64"/>
    <property name="com.ibm.vm.bitmode" value="64"/>
    <property name="user.variant" value=""/>
    <property name="com.ibm.oti.vm.library.version" value="29"/>
    <property name="java.vendor.url" value="http://www.eclipse.org/openj9"/>
    <property name="user.timezone" value=""/>
    <property name="os.name" value="Linux"/>
    <property name="java.vm.specification.version" value="1.8"/>
    <property name="sun.java.launcher" value="SUN_STANDARD"/>
    <property name="user.country" value="US"/>
    <property name="sun.boot.library.path" value="/usr/lib/jvm/adoptopenjdk-8-openj9-amd64/jre/lib/amd64/compressedrefs:/usr/lib/jvm/adoptopenjdk-8-openj9-amd64/jre/lib/amd64"/>
    <property name="sun.java.command" value="/home/victor/eclipse-workspace/focusapp/focus-rest-impl/target/surefire/surefirebooter630976880715033245.jar /home/victor/eclipse-workspace/focusapp/focus-rest-impl/target/surefire 2020-06-02T17-15-09_664-jvmRun1 surefire8728597197046524397tmp surefire_04308514871160558167tmp"/>
    <property name="surefire.test.class.path" value="/home/victor/eclipse-workspace/focusapp/focus-rest-impl/target/test-classes:/home/victor/eclipse-workspace/focusapp/focus-rest-impl/target/classes:/home/victor/.m2/repository/org/springframework/boot/spring-boot-starter-mail/2.2.5.RELEASE/spring-boot-starter-mail-2.2.5.RELEASE.jar:/home/victor/.m2/repository/org/springframework/boot/spring-boot-starter/2.2.5.RELEASE/spring-boot-starter-2.2.5.RELEASE.jar:/home/victor/.m2/repository/org/springframework/boot/spring-boot/2.2.5.RELEASE/spring-boot-2.2.5.RELEASE.jar:/home/victor/.m2/repository/org/springframework/boot/spring-boot-autoconfigure/2.2.5.RELEASE/spring-boot-autoconfigure-2.2.5.RELEASE.jar:/home/victor/.m2/repository/org/springframework/boot/spring-boot-starter-logging/2.2.5.RELEASE/spring-boot-starter-logging-2.2.5.RELEASE.jar:/home/victor/.m2/repository/ch/qos/logback/logback-classic/1.2.3/logback-classic-1.2.3.jar:/home/victor/.m2/repository/ch/qos/logback/logback-core/1.2.3/logback-core-1.2.3.jar:/home/victor/.m2/repository/org/apache/logging/log4j/log4j-to-slf4j/2.12.1/log4j-to-slf4j-2.12.1.jar:/home/victor/.m2/repository/org/apache/logging/log4j/log4j-api/2.12.1/log4j-api-2.12.1.jar:/home/victor/.m2/repository/org/slf4j/jul-to-slf4j/1.7.30/jul-to-slf4j-1.7.30.jar:/home/victor/.m2/repository/jakarta/annotation/jakarta.annotation-api/1.3.5/jakarta.annotation-api-1.3.5.jar:/home/victor/.m2/repository/org/yaml/snakeyaml/1.25/snakeyaml-1.25.jar:/home/victor/.m2/repository/org/springframework/spring-context-support/5.2.4.RELEASE/spring-context-support-5.2.4.RELEASE.jar:/home/victor/.m2/repository/org/springframework/spring-beans/5.2.4.RELEASE/spring-beans-5.2.4.RELEASE.jar:/home/victor/.m2/repository/org/springframework/spring-context/5.2.4.RELEASE/spring-context-5.2.4.RELEASE.jar:/home/victor/.m2/repository/com/sun/mail/jakarta.mail/1.6.4/jakarta.mail-1.6.4.jar:/home/victor/.m2/repository/com/sun/activation/jakarta.activation/1.2.2/jakarta.activation-1.2.2.jar:/home/victor/.m2/repository/org/springframework/boot/spring-boot-starter-web/2.2.5.RELEASE/spring-boot-starter-web-2.2.5.RELEASE.jar:/home/victor/.m2/repository/org/springframework/boot/spring-boot-starter-json/2.2.5.RELEASE/spring-boot-starter-json-2.2.5.RELEASE.jar:/home/victor/.m2/repository/com/fasterxml/jackson/datatype/jackson-datatype-jdk8/2.10.2/jackson-datatype-jdk8-2.10.2.jar:/home/victor/.m2/repository/com/fasterxml/jackson/datatype/jackson-datatype-jsr310/2.10.2/jackson-datatype-jsr310-2.10.2.jar:/home/victor/.m2/repository/com/fasterxml/jackson/module/jackson-module-parameter-names/2.10.2/jackson-module-parameter-names-2.10.2.jar:/home/victor/.m2/repository/org/springframework/boot/spring-boot-starter-tomcat/2.2.5.RELEASE/spring-boot-starter-tomcat-2.2.5.RELEASE.jar:/home/victor/.m2/repository/org/apache/tomcat/embed/tomcat-embed-core/9.0.31/tomcat-embed-core-9.0.31.jar:/home/victor/.m2/repository/org/apache/tomcat/embed/tomcat-embed-el/9.0.31/tomcat-embed-el-9.0.31.jar:/home/victor/.m2/repository/org/apache/tomcat/embed/tomcat-embed-websocket/9.0.31/tomcat-embed-websocket-9.0.31.jar:/home/victor/.m2/repository/org/springframework/boot/spring-boot-starter-validation/2.2.5.RELEASE/spring-boot-starter-validation-2.2.5.RELEASE.jar:/home/victor/.m2/repository/jakarta/validation/jakarta.validation-api/2.0.2/jakarta.validation-api-2.0.2.jar:/home/victor/.m2/repository/org/hibernate/validator/hibernate-validator/6.0.18.Final/hibernate-validator-6.0.18.Final.jar:/home/victor/.m2/repository/org/jboss/logging/jboss-logging/3.4.1.Final/jboss-logging-3.4.1.Final.jar:/home/victor/.m2/repository/com/fasterxml/classmate/1.5.1/classmate-1.5.1.jar:/home/victor/.m2/repository/org/springframework/spring-web/5.2.4.RELEASE/spring-web-5.2.4.RELEASE.jar:/home/victor/.m2/repository/org/springframework/spring-webmvc/5.2.4.RELEASE/spring-webmvc-5.2.4.RELEASE.jar:/home/victor/.m2/repository/org/springframework/spring-aop/5.2.4.RELEASE/spring-aop-5.2.4.RELEASE.jar:/home/victor/.m2/repository/org/springframework/spring-expression/5.2.4.RELEASE/spring-expression-5.2.4.RELEASE.jar:/home/victor/.m2/repository/org/springframework/boot/spring-boot-starter-webflux/2.2.5.RELEASE/spring-boot-starter-webflux-2.2.5.RELEASE.jar:/home/victor/.m2/repository/org/springframework/boot/spring-boot-starter-reactor-netty/2.2.5.RELEASE/spring-boot-starter-reactor-netty-2.2.5.RELEASE.jar:/home/victor/.m2/repository/io/projectreactor/netty/reactor-netty/0.9.5.RELEASE/reactor-netty-0.9.5.RELEASE.jar:/home/victor/.m2/repository/io/netty/netty-codec-http/4.1.45.Final/netty-codec-http-4.1.45.Final.jar:/home/victor/.m2/repository/io/netty/netty-common/4.1.45.Final/netty-common-4.1.45.Final.jar:/home/victor/.m2/repository/io/netty/netty-buffer/4.1.45.Final/netty-buffer-4.1.45.Final.jar:/home/victor/.m2/repository/io/netty/netty-transport/4.1.45.Final/netty-transport-4.1.45.Final.jar:/home/victor/.m2/repository/io/netty/netty-resolver/4.1.45.Final/netty-resolver-4.1.45.Final.jar:/home/victor/.m2/repository/io/netty/netty-codec/4.1.45.Final/netty-codec-4.1.45.Final.jar:/home/victor/.m2/repository/io/netty/netty-codec-http2/4.1.45.Final/netty-codec-http2-4.1.45.Final.jar:/home/victor/.m2/repository/io/netty/netty-handler/4.1.45.Final/netty-handler-4.1.45.Final.jar:/home/victor/.m2/repository/io/netty/netty-handler-proxy/4.1.45.Final/netty-handler-proxy-4.1.45.Final.jar:/home/victor/.m2/repository/io/netty/netty-codec-socks/4.1.45.Final/netty-codec-socks-4.1.45.Final.jar:/home/victor/.m2/repository/io/netty/netty-transport-native-epoll/4.1.45.Final/netty-transport-native-epoll-4.1.45.Final-linux-x86_64.jar:/home/victor/.m2/repository/io/netty/netty-transport-native-unix-common/4.1.45.Final/netty-transport-native-unix-common-4.1.45.Final.jar:/home/victor/.m2/repository/org/glassfish/jakarta.el/3.0.3/jakarta.el-3.0.3.jar:/home/victor/.m2/repository/org/springframework/spring-webflux/5.2.4.RELEASE/spring-webflux-5.2.4.RELEASE.jar:/home/victor/.m2/repository/org/synchronoss/cloud/nio-multipart-parser/1.1.0/nio-multipart-parser-1.1.0.jar:/home/victor/.m2/repository/org/slf4j/slf4j-api/1.7.30/slf4j-api-1.7.30.jar:/home/victor/.m2/repository/org/synchronoss/cloud/nio-stream-storage/1.1.3/nio-stream-storage-1.1.3.jar:/home/victor/.m2/repository/org/springframework/boot/spring-boot-starter-actuator/2.2.5.RELEASE/spring-boot-starter-actuator-2.2.5.RELEASE.jar:/home/victor/.m2/repository/org/springframework/boot/spring-boot-actuator-autoconfigure/2.2.5.RELEASE/spring-boot-actuator-autoconfigure-2.2.5.RELEASE.jar:/home/victor/.m2/repository/org/springframework/boot/spring-boot-actuator/2.2.5.RELEASE/spring-boot-actuator-2.2.5.RELEASE.jar:/home/victor/.m2/repository/io/micrometer/micrometer-core/1.3.5/micrometer-core-1.3.5.jar:/home/victor/.m2/repository/org/hdrhistogram/HdrHistogram/2.1.11/HdrHistogram-2.1.11.jar:/home/victor/.m2/repository/org/latencyutils/LatencyUtils/2.0.3/LatencyUtils-2.0.3.jar:/home/victor/.m2/repository/io/jsonwebtoken/jjwt/0.9.1/jjwt-0.9.1.jar:/home/victor/.m2/repository/com/fasterxml/jackson/core/jackson-databind/2.10.2/jackson-databind-2.10.2.jar:/home/victor/.m2/repository/com/fasterxml/jackson/core/jackson-annotations/2.10.2/jackson-annotations-2.10.2.jar:/home/victor/.m2/repository/com/fasterxml/jackson/core/jackson-core/2.10.2/jackson-core-2.10.2.jar:/home/victor/.m2/repository/org/apache/httpcomponents/httpclient/4.5.11/httpclient-4.5.11.jar:/home/victor/.m2/repository/org/apache/httpcomponents/httpcore/4.4.13/httpcore-4.4.13.jar:/home/victor/.m2/repository/commons-codec/commons-codec/1.13/commons-codec-1.13.jar:/home/victor/.m2/repository/org/postgresql/postgresql/42.2.10/postgresql-42.2.10.jar:/home/victor/.m2/repository/org/springframework/boot/spring-boot-starter-test/2.2.5.RELEASE/spring-boot-starter-test-2.2.5.RELEASE.jar:/home/victor/.m2/repository/org/springframework/boot/spring-boot-test/2.2.5.RELEASE/spring-boot-test-2.2.5.RELEASE.jar:/home/victor/.m2/repository/org/springframework/boot/spring-boot-test-autoconfigure/2.2.5.RELEASE/spring-boot-test-autoconfigure-2.2.5.RELEASE.jar:/home/victor/.m2/repository/com/jayway/jsonpath/json-path/2.4.0/json-path-2.4.0.jar:/home/victor/.m2/repository/net/minidev/json-smart/2.3/json-smart-2.3.jar:/home/victor/.m2/repository/net/minidev/accessors-smart/1.2/accessors-smart-1.2.jar:/home/victor/.m2/repository/org/ow2/asm/asm/5.0.4/asm-5.0.4.jar:/home/victor/.m2/repository/jakarta/xml/bind/jakarta.xml.bind-api/2.3.2/jakarta.xml.bind-api-2.3.2.jar:/home/victor/.m2/repository/jakarta/activation/jakarta.activation-api/1.2.2/jakarta.activation-api-1.2.2.jar:/home/victor/.m2/repository/org/junit/jupiter/junit-jupiter/5.5.2/junit-jupiter-5.5.2.jar:/home/victor/.m2/repository/org/junit/jupiter/junit-jupiter-api/5.5.2/junit-jupiter-api-5.5.2.jar:/home/victor/.m2/repository/org/apiguardian/apiguardian-api/1.1.0/apiguardian-api-1.1.0.jar:/home/victor/.m2/repository/org/opentest4j/opentest4j/1.2.0/opentest4j-1.2.0.jar:/home/victor/.m2/repository/org/junit/platform/junit-platform-commons/1.5.2/junit-platform-commons-1.5.2.jar:/home/victor/.m2/repository/org/junit/jupiter/junit-jupiter-params/5.5.2/junit-jupiter-params-5.5.2.jar:/home/victor/.m2/repository/org/junit/jupiter/junit-jupiter-engine/5.5.2/junit-jupiter-engine-5.5.2.jar:/home/victor/.m2/repository/org/junit/platform/junit-platform-engine/1.5.2/junit-platform-engine-1.5.2.jar:/home/victor/.m2/repository/org/mockito/mockito-junit-jupiter/3.1.0/mockito-junit-jupiter-3.1.0.jar:/home/victor/.m2/repository/org/assertj/assertj-core/3.13.2/assertj-core-3.13.2.jar:/home/victor/.m2/repository/org/hamcrest/hamcrest/2.1/hamcrest-2.1.jar:/home/victor/.m2/repository/org/mockito/mockito-core/3.1.0/mockito-core-3.1.0.jar:/home/victor/.m2/repository/net/bytebuddy/byte-buddy/1.10.8/byte-buddy-1.10.8.jar:/home/victor/.m2/repository/net/bytebuddy/byte-buddy-agent/1.10.8/byte-buddy-agent-1.10.8.jar:/home/victor/.m2/repository/org/objenesis/objenesis/2.6/objenesis-2.6.jar:/home/victor/.m2/repository/org/skyscreamer/jsonassert/1.5.0/jsonassert-1.5.0.jar:/home/victor/.m2/repository/com/vaadin/external/google/android-json/0.0.20131108.vaadin1/android-json-0.0.20131108.vaadin1.jar:/home/victor/.m2/repository/org/springframework/spring-core/5.2.4.RELEASE/spring-core-5.2.4.RELEASE.jar:/home/victor/.m2/repository/org/springframework/spring-jcl/5.2.4.RELEASE/spring-jcl-5.2.4.RELEASE.jar:/home/victor/.m2/repository/org/springframework/spring-test/5.2.4.RELEASE/spring-test-5.2.4.RELEASE.jar:/home/victor/.m2/repository/org/xmlunit/xmlunit-core/2.6.3/xmlunit-core-2.6.3.jar:/home/victor/.m2/repository/io/projectreactor/reactor-test/3.3.3.RELEASE/reactor-test-3.3.3.RELEASE.jar:/home/victor/.m2/repository/io/projectreactor/reactor-core/3.3.3.RELEASE/reactor-core-3.3.3.RELEASE.jar:/home/victor/.m2/repository/org/reactivestreams/reactive-streams/1.0.3/reactive-streams-1.0.3.jar:/home/victor/.m2/repository/org/springframework/restdocs/spring-restdocs-mockmvc/2.0.4.RELEASE/spring-restdocs-mockmvc-2.0.4.RELEASE.jar:/home/victor/.m2/repository/javax/servlet/javax.servlet-api/4.0.1/javax.servlet-api-4.0.1.jar:/home/victor/.m2/repository/org/springframework/restdocs/spring-restdocs-core/2.0.4.RELEASE/spring-restdocs-core-2.0.4.RELEASE.jar:/home/victor/.m2/repository/org/springframework/security/spring-security-test/5.2.2.RELEASE/spring-security-test-5.2.2.RELEASE.jar:/home/victor/.m2/repository/org/springframework/security/spring-security-core/5.2.2.RELEASE/spring-security-core-5.2.2.RELEASE.jar:/home/victor/.m2/repository/org/springframework/security/spring-security-web/5.2.2.RELEASE/spring-security-web-5.2.2.RELEASE.jar:/home/victor/.m2/repository/org/apache/commons/commons-lang3/3.9/commons-lang3-3.9.jar:/home/victor/.m2/repository/joda-time/joda-time/2.10.5/joda-time-2.10.5.jar:"/>
    <property name="sun.cpu.endian" value="little"/>
    <property name="user.home" value="/home/victor"/>
    <property name="user.language" value="en"/>
    <property name="java.specification.vendor" value="Oracle Corporation"/>
    <property name="java.home" value="/usr/lib/jvm/adoptopenjdk-8-openj9-amd64/jre"/>
    <property name="ibm.signalhandling.rs" value="false"/>
    <property name="file.separator" value="/"/>
    <property name="jdk.extensions.name" value="Extensions for OpenJDK for Eclipse OpenJ9"/>
    <property name="basedir" value="/home/victor/eclipse-workspace/focusapp/focus-rest-impl"/>
    <property name="line.separator" value="&#10;"/>
    <property name="java.vm.specification.vendor" value="Oracle Corporation"/>
    <property name="java.specification.name" value="Java Platform API Specification"/>
    <property name="java.compiler" value="j9jit29"/>
    <property name="com.ibm.util.extralibs.properties" value=""/>
    <property name="sun.java.launcher.pid" value="18727"/>
    <property name="java.awt.graphicsenv" value="sun.awt.X11GraphicsEnvironment"/>
    <property name="com.ibm.oti.configuration" value="scar"/>
    <property name="java.awt.fonts" value=""/>
    <property name="surefire.real.class.path" value="/home/victor/eclipse-workspace/focusapp/focus-rest-impl/target/surefire/surefirebooter630976880715033245.jar"/>
    <property name="com.ibm.oti.shared.enabled" value="false"/>
    <property name="sun.boot.class.path" value="/usr/lib/jvm/adoptopenjdk-8-openj9-amd64/jre/lib/amd64/compressedrefs/jclSC180/vm.jar:/usr/lib/jvm/adoptopenjdk-8-openj9-amd64/jre/lib/se-service.jar:/usr/lib/jvm/adoptopenjdk-8-openj9-amd64/jre/lib/rt.jar:/usr/lib/jvm/adoptopenjdk-8-openj9-amd64/jre/lib/resources.jar:/usr/lib/jvm/adoptopenjdk-8-openj9-amd64/jre/lib/jsse.jar:/usr/lib/jvm/adoptopenjdk-8-openj9-amd64/jre/lib/charsets.jar:/usr/lib/jvm/adoptopenjdk-8-openj9-amd64/jre/lib/jce.jar"/>
    <property name="com.ibm.oti.vm.bootstrap.library.path" value="/usr/lib/jvm/adoptopenjdk-8-openj9-amd64/jre/lib/amd64/compressedrefs:/usr/lib/jvm/adoptopenjdk-8-openj9-amd64/jre/lib/amd64"/>
    <property name="com.ibm.cpu.endian" value="little"/>
    <property name="java.fullversion" value="1.8.0_252-b09&#10;JRE 1.8.0 Linux amd64-64-Bit Compressed References 20200416_608 (JIT enabled, AOT enabled)&#10;OpenJ9   - 05fa2d361&#10;OMR      - d4365f371&#10;JCL      - cfa47e66cd5 based on jdk8u252-b09"/>
    <property name="java.runtime.version" value="1.8.0_252-b09"/>
    <property name="user.name" value="victor"/>
    <property name="path.separator" value=":"/>
    <property name="os.version" value="4.15.0-20-generic"/>
    <property name="java.endorsed.dirs" value="/usr/lib/jvm/adoptopenjdk-8-openj9-amd64/jre/lib/endorsed"/>
    <property name="java.runtime.name" value="OpenJDK Runtime Environment"/>
    <property name="ibm.signalhandling.sigint" value="true"/>
    <property name="file.encoding" value="UTF-8"/>
    <property name="java.vm.name" value="Eclipse OpenJ9 VM"/>
    <property name="ibm.signalhandling.sigchain" value="true"/>
    <property name="localRepository" value="/home/victor/.m2/repository"/>
    <property name="java.io.tmpdir" value="/tmp"/>
    <property name="java.version" value="1.8.0_252"/>
    <property name="com.ibm.system.agent.path" value="/usr/lib/jvm/adoptopenjdk-8-openj9-amd64/jre/lib/amd64"/>
    <property name="user.dir" value="/home/victor/eclipse-workspace/focusapp/focus-rest-impl"/>
    <property name="os.arch" value="amd64"/>
    <property name="java.vm.specification.name" value="Java Virtual Machine Specification"/>
    <property name="java.awt.printerjob" value="sun.print.PSPrinterJob"/>
    <property name="os.encoding" value="UTF-8"/>
    <property name="java.library.path" value="/usr/lib/jvm/adoptopenjdk-8-openj9-amd64/jre/lib/amd64/compressedrefs:/usr/lib/jvm/adoptopenjdk-8-openj9-amd64/jre/lib/amd64:/usr/lib64:/usr/lib"/>
    <property name="java.vendor" value="Eclipse OpenJ9"/>
    <property name="java.vm.info" value="JRE 1.8.0 Linux amd64-64-Bit Compressed References 20200416_608 (JIT enabled, AOT enabled)&#10;OpenJ9   - 05fa2d361&#10;OMR      - d4365f371&#10;JCL      - cfa47e66cd5 based on jdk8u252-b09"/>
    <property name="java.vm.version" value="openj9-0.20.0"/>
    <property name="com.ibm.jcl.checkClassPath" value=""/>
    <property name="ibm.system.encoding" value="UTF-8"/>
    <property name="sun.io.unicode.encoding" value="UnicodeLittle"/>
    <property name="java.ext.dirs" value="/usr/lib/jvm/adoptopenjdk-8-openj9-amd64/jre/lib/ext"/>
    <property name="java.class.version" value="52.0"/>
  </properties>
  <testcase name="testTransitionMessage" classname="com.focus.studio.movie.app.rest.VoiceMailControllerTest" time="4.081"/>
  <testcase name="testListMessages" classname="com.focus.studio.movie.app.rest.VoiceMailControllerTest" time="0.429"/>
</testsuite>